2025-03-09 17:07:57 - HV000001: Hibernate Validator 8.0.1.Final
2025-03-09 17:07:57 - Starting FlightBookingApplication using Java 17.0.14 with PID 84729 (/home/kelli/flightplanner/flightplanner-api/target/classes started by kelli in /home/kelli/flightplanner/flightplanner-api)
2025-03-09 17:07:57 - Running with Spring Boot v3.1.5, Spring v6.0.13
2025-03-09 17:07:57 - No active profile set, falling back to 1 default profile: "default"
2025-03-09 17:07:58 - Bootstrapping Spring Data JPA repositories in DEFAULT mode.
2025-03-09 17:07:58 - Finished Spring Data repository scanning in 43 ms. Found 3 JPA repository interfaces.
2025-03-09 17:07:58 - Tomcat initialized with port(s): 8081 (http)
2025-03-09 17:07:58 - Initializing ProtocolHandler ["http-nio-8081"]
2025-03-09 17:07:58 - Starting service [Tomcat]
2025-03-09 17:07:58 - Starting Servlet engine: [Apache Tomcat/10.1.15]
2025-03-09 17:07:58 - Initializing Spring embedded WebApplicationContext
2025-03-09 17:07:58 - Root WebApplicationContext: initialization completed in 1074 ms
2025-03-09 17:07:58 - HHH000204: Processing PersistenceUnitInfo [name: default]
2025-03-09 17:07:58 - HHH000412: Hibernate ORM core version 6.2.13.Final
2025-03-09 17:07:58 - HHH000406: Using bytecode reflection optimizer
2025-03-09 17:07:59 - No LoadTimeWeaver setup: ignoring JPA class transformer
2025-03-09 17:07:59 - HikariPool-1 - Starting...
2025-03-09 17:07:59 - HikariPool-1 - Added connection com.mysql.cj.jdbc.ConnectionImpl@35e689a0
2025-03-09 17:07:59 - HikariPool-1 - Start completed.
2025-03-09 17:07:59 - HHH90000025: MySQL8Dialect does not need to be specified explicitly using 'hibernate.dialect' (remove the property setting and it will be selected by default)
2025-03-09 17:07:59 - HHH90000026: MySQL8Dialect has been deprecated; use org.hibernate.dialect.MySQLDialect instead
2025-03-09 17:08:00 - HHH000489: No JTA platform available (set 'hibernate.transaction.jta.platform' to enable JTA platform integration)
2025-03-09 17:08:00 - Initialized JPA EntityManagerFactory for persistence unit 'default'
2025-03-09 17:08:00 - Hibernate is in classpath; If applicable, HQL parser will be used.
2025-03-09 17:08:00 - spring.jpa.open-in-view is enabled by default. Therefore, database queries may be performed during view rendering. Explicitly configure spring.jpa.open-in-view to disable this warning
2025-03-09 17:08:01 - Exposing 14 endpoint(s) beneath base path '/actuator'
2025-03-09 17:08:01 - Starting ProtocolHandler ["http-nio-8081"]
2025-03-09 17:08:01 - Tomcat started on port(s): 8081 (http) with context path ''
2025-03-09 17:08:01 - Started FlightBookingApplication in 3.848 seconds (process running for 4.084)
